<?xml version="1.0" encoding="UTF-8"?>
<testng-results ignored="0" total="2" passed="2" failed="0" skipped="0">
  <reporter-output>
  </reporter-output>
  <suite started-at="2023-10-01T18:31:40 IST" name="Suite" finished-at="2023-10-01T18:31:40 IST" duration-ms="96">
    <groups>
    </groups>
    <test started-at="2023-10-01T18:31:40 IST" name="Test" finished-at="2023-10-01T18:31:40 IST" duration-ms="96">
      <class name="Test.day2">
        <test-method signature="Loan()[pri:0, instance:Test.day2@43dac38f]" started-at="2023-10-01T18:31:40 IST" name="Loan" finished-at="2023-10-01T18:31:40 IST" duration-ms="4" status="PASS">
          <reporter-output>
          </reporter-output>
        </test-method> <!-- Loan -->
      </class> <!-- Test.day2 -->
      <class name="Test.Day1">
        <test-method signature="Demo()[pri:0, instance:Test.Day1@4fb3ee4e]" started-at="2023-10-01T18:31:40 IST" name="Demo" finished-at="2023-10-01T18:31:40 IST" duration-ms="12" status="PASS">
          <reporter-output>
          </reporter-output>
        </test-method> <!-- Demo -->
      </class> <!-- Test.Day1 -->
    </test> <!-- Test -->
  </suite> <!-- Suite -->
</testng-results>
